# JRE version: OpenJDK Runtime Environment Temurin-17.0.18+8 (17.0.18+8) (build 17.0.18+8)
# Java VM: OpenJDK 64-Bit Server VM Temurin-17.0.18+8 (17.0.18+8, mixed mode, sharing, tiered, compressed oops, compressed class ptrs, g1 gc, windows-amd64)
GC Precious Log:
 CPUs: 4 total, 4 available
 Memory: 7926M
 Large Page Support: Disabled
 NUMA Support: Disabled
 Compressed Oops: Enabled (32-bit)
 Heap Region Size: 1M
 Heap Min Capacity: 8M
 Heap Initial Capacity: 124M
 Heap Max Capacity: 1982M
 Pre-touch: Disabled
 Parallel Workers: 4
 Concurrent Workers: 1
 Concurrent Refinement Workers: 4
 Periodic GC: Disabled
Heap:
 garbage-first heap   total 95232K, used 29519K [0x0000000084200000, 0x0000000100000000)
  region size 1024K, 20 young (20480K), 4 survivors (4096K)
 Metaspace       used 27828K, committed 28224K, reserved 1114112K
  class space    used 3328K, committed 3520K, reserved 1048576K
GC Heap History (20 events):
Event: 2.271 GC heap before
{Heap before GC invocations=0 (full 0):
 garbage-first heap   total 126976K, used 13312K [0x0000000084200000, 0x0000000100000000)
  region size 1024K, 13 young (13312K), 0 survivors (0K)
 Metaspace       used 1927K, committed 2176K, reserved 1114112K
  class space    used 189K, committed 320K, reserved 1048576K
}
Event: 2.323 GC heap after
{Heap after GC invocations=1 (full 0):
 garbage-first heap   total 126976K, used 1856K [0x0000000084200000, 0x0000000100000000)
  region size 1024K, 2 young (2048K), 2 survivors (2048K)
 Metaspace       used 1927K, committed 2176K, reserved 1114112K
  class space    used 189K, committed 320K, reserved 1048576K
}
Event: 4.189 GC heap before
{Heap before GC invocations=1 (full 0):
 garbage-first heap   total 126976K, used 19264K [0x0000000084200000, 0x0000000100000000)
  region size 1024K, 19 young (19456K), 2 survivors (2048K)
 Metaspace       used 4637K, committed 4864K, reserved 1114112K
  class space    used 519K, committed 640K, reserved 1048576K
}
Event: 4.194 GC heap after
{Heap after GC invocations=2 (full 0):
 garbage-first heap   total 126976K, used 2868K [0x0000000084200000, 0x0000000100000000)
  region size 1024K, 1 young (1024K), 1 survivors (1024K)
 Metaspace       used 4637K, committed 4864K, reserved 1114112K
  class space    used 519K, committed 640K, reserved 1048576K
}
Event: 9.452 GC heap before
{Heap before GC invocations=2 (full 0):
 garbage-first heap   total 126976K, used 77620K [0x0000000084200000, 0x0000000100000000)
  region size 1024K, 74 young (75776K), 1 survivors (1024K)
 Metaspace       used 12291K, committed 12672K, reserved 1114112K
  class space    used 1549K, committed 1728K, reserved 1048576K
}
Event: 9.461 GC heap after
{Heap after GC invocations=3 (full 0):
 garbage-first heap   total 126976K, used 5590K [0x0000000084200000, 0x0000000100000000)
  region size 1024K, 4 young (4096K), 4 survivors (4096K)
 Metaspace       used 12291K, committed 12672K, reserved 1114112K
  class space    used 1549K, committed 1728K, reserved 1048576K
}
Event: 15.648 GC heap before
{Heap before GC invocations=3 (full 0):
 garbage-first heap   total 126976K, used 77270K [0x0000000084200000, 0x0000000100000000)
  region size 1024K, 74 young (75776K), 4 survivors (4096K)
 Metaspace       used 20159K, committed 20480K, reserved 1114112K
  class space    used 2425K, committed 2624K, reserved 1048576K
}
Event: 15.662 GC heap after
{Heap after GC invocations=4 (full 0):
 garbage-first heap   total 126976K, used 8579K [0x0000000084200000, 0x0000000100000000)
  region size 1024K, 7 young (7168K), 7 survivors (7168K)
 Metaspace       used 20159K, committed 20480K, reserved 1114112K
  class space    used 2425K, committed 2624K, reserved 1048576K
}
Event: 16.267 GC heap before
{Heap before GC invocations=4 (full 0):
 garbage-first heap   total 126976K, used 13699K [0x0000000084200000, 0x0000000100000000)
  region size 1024K, 13 young (13312K), 7 survivors (7168K)
 Metaspace       used 21143K, committed 21504K, reserved 1114112K
  class space    used 2547K, committed 2752K, reserved 1048576K
}
Event: 16.278 GC heap after
{Heap after GC invocations=5 (full 0):
 garbage-first heap   total 126976K, used 8820K [0x0000000084200000, 0x0000000100000000)
  region size 1024K, 4 young (4096K), 4 survivors (4096K)
 Metaspace       used 21143K, committed 21504K, reserved 1114112K
  class space    used 2547K, committed 2752K, reserved 1048576K
}
Event: 16.715 GC heap before
{Heap before GC invocations=6 (full 0):
 garbage-first heap   total 37888K, used 27252K [0x0000000084200000, 0x0000000100000000)
  region size 1024K, 22 young (22528K), 4 survivors (4096K)
 Metaspace       used 21291K, committed 21696K, reserved 1114112K
  class space    used 2555K, committed 2752K, reserved 1048576K
}
Event: 16.723 GC heap after
{Heap after GC invocations=7 (full 0):
 garbage-first heap   total 37888K, used 10693K [0x0000000084200000, 0x0000000100000000)
  region size 1024K, 3 young (3072K), 3 survivors (3072K)
 Metaspace       used 21291K, committed 21696K, reserved 1114112K
  class space    used 2555K, committed 2752K, reserved 1048576K
}
Event: 16.724 GC heap before
{Heap before GC invocations=7 (full 0):
 garbage-first heap   total 37888K, used 11717K [0x0000000084200000, 0x0000000100000000)
  region size 1024K, 4 young (4096K), 3 survivors (3072K)
 Metaspace       used 21291K, committed 21696K, reserved 1114112K
  class space    used 2555K, committed 2752K, reserved 1048576K
}
Event: 16.728 GC heap after
{Heap after GC invocations=8 (full 0):
 garbage-first heap   total 37888K, used 10733K [0x0000000084200000, 0x0000000100000000)
  region size 1024K, 1 young (1024K), 1 survivors (1024K)
 Metaspace       used 21291K, committed 21696K, reserved 1114112K
  class space    used 2555K, committed 2752K, reserved 1048576K
}
Event: 16.756 GC heap before
{Heap before GC invocations=8 (full 0):
 garbage-first heap   total 37888K, used 27117K [0x0000000084200000, 0x0000000100000000)
  region size 1024K, 17 young (17408K), 1 survivors (1024K)
 Metaspace       used 21294K, committed 21696K, reserved 1114112K
  class space    used 2555K, committed 2752K, reserved 1048576K
}
Event: 16.756 GC heap after
{Heap after GC invocations=9 (full 0):
 garbage-first heap   total 37888K, used 10619K [0x0000000084200000, 0x0000000100000000)
  region size 1024K, 1 young (1024K), 1 survivors (1024K)
 Metaspace       used 21294K, committed 21696K, reserved 1114112K
  class space    used 2555K, committed 2752K, reserved 1048576K
}
Event: 16.833 GC heap before
{Heap before GC invocations=9 (full 0):
 garbage-first heap   total 37888K, used 28027K [0x0000000084200000, 0x0000000100000000)
  region size 1024K, 18 young (18432K), 1 survivors (1024K)
 Metaspace       used 21323K, committed 21696K, reserved 1114112K
  class space    used 2557K, committed 2752K, reserved 1048576K
}
Event: 16.834 GC heap after
{Heap after GC invocations=10 (full 0):
 garbage-first heap   total 95232K, used 10549K [0x0000000084200000, 0x0000000100000000)
  region size 1024K, 1 young (1024K), 1 survivors (1024K)
 Metaspace       used 21323K, committed 21696K, reserved 1114112K
  class space    used 2557K, committed 2752K, reserved 1048576K
}
Event: 19.899 GC heap before
{Heap before GC invocations=10 (full 0):
 garbage-first heap   total 95232K, used 65845K [0x0000000084200000, 0x0000000100000000)
  region size 1024K, 55 young (56320K), 1 survivors (1024K)
 Metaspace       used 27269K, committed 27648K, reserved 1114112K
  class space    used 3264K, committed 3456K, reserved 1048576K
}
Event: 19.907 GC heap after
{Heap after GC invocations=11 (full 0):
 garbage-first heap   total 95232K, used 14159K [0x0000000084200000, 0x0000000100000000)
  region size 1024K, 4 young (4096K), 4 survivors (4096K)
 Metaspace       used 27269K, committed 27648K, reserved 1114112K
  class space    used 3264K, committed 3456K, reserved 1048576K
}

